<?xml version='1.0' encoding='UTF-8' ?>
<testsuite name="com.walton.startupbroadcast.ExampleInstrumentedTest" tests="1" failures="0" errors="0" skipped="0" time="1.298" timestamp="2024-02-19T06:23:50" hostname="localhost">
  <properties>
    <property name="device" value="WALTON GSMART 2KTV - 11" />
    <property name="flavor" value="" />
    <property name="project" value=":app" />
  </properties>
  <testcase name="useAppContext" classname="com.walton.startupbroadcast.ExampleInstrumentedTest" time="0.022" />
</testsuite>